<?xml version="1.0" encoding="UTF-8"?>
<!-- Generated by org.testng.reporters.JUnitXMLReporter -->
<testsuite ignored="0" hostname="IBM-346GDN3" failures="0" tests="4" name="Test" time="76.645" errors="0" timestamp="2022-12-07T11:57:39 IST">
  <testcase classname="ddtNopCom.NOPCommLoginTest" name="verifyLoginWithInValidUser" time="10.714"/>
  <testcase classname="ddtNopCom.NOPCommLoginTest" name="verifyLoginWithInValidUser" time="10.252"/>
  <testcase classname="ddtNopCom.NOPCommLoginTest" name="verifyLoginWithInValidUser" time="10.129"/>
  <testcase classname="ddtNopCom.NOPCommLoginTest" name="verifyLoginWithInValidUser" time="10.536"/>
</testsuite> <!-- Test -->
