<?xml version="1.0" encoding="UTF-8"?>
<testng-results ignored="0" total="1" passed="1" failed="0" skipped="0">
  <reporter-output>
  </reporter-output>
  <suite started-at="2022-12-08T13:23:33 IST" name="Suite" finished-at="2022-12-08T13:23:55 IST" duration-ms="21991">
    <groups>
    </groups>
    <test started-at="2022-12-08T13:23:33 IST" name="Log4J Test" finished-at="2022-12-08T13:23:55 IST" duration-ms="21991">
      <class name="nopCommLog4J.NopComm">
        <test-method is-config="true" signature="launchApp(java.lang.String)[pri:0, instance:nopCommLog4J.NopComm@5223e5ee]" started-at="2022-12-08T13:23:33 IST" name="launchApp" finished-at="2022-12-08T13:23:38 IST" duration-ms="4657" status="PASS">
          <params>
            <param index="0">
              <value>
                <![CDATA[chrome]]>
              </value>
            </param>
          </params>
          <reporter-output>
          </reporter-output>
        </test-method> <!-- launchApp -->
        <test-method signature="verifyLogin()[pri:0, instance:nopCommLog4J.NopComm@5223e5ee]" started-at="2022-12-08T13:23:38 IST" name="verifyLogin" finished-at="2022-12-08T13:23:50 IST" duration-ms="12174" status="PASS">
          <reporter-output>
          </reporter-output>
        </test-method> <!-- verifyLogin -->
        <test-method is-config="true" signature="closeApp()[pri:0, instance:nopCommLog4J.NopComm@5223e5ee]" started-at="2022-12-08T13:23:50 IST" name="closeApp" finished-at="2022-12-08T13:23:55 IST" duration-ms="5115" status="PASS">
          <reporter-output>
          </reporter-output>
        </test-method> <!-- closeApp -->
      </class> <!-- nopCommLog4J.NopComm -->
    </test> <!-- Log4J Test -->
  </suite> <!-- Suite -->
</testng-results>
