<?xml version="1.0" encoding="UTF-8"?>
<testng-results ignored="0" total="1" passed="1" failed="0" skipped="0">
  <reporter-output>
  </reporter-output>
  <suite started-at="2022-12-12T11:33:30 IST" name="Suite" finished-at="2022-12-12T11:33:56 IST" duration-ms="26117">
    <groups>
    </groups>
    <test started-at="2022-12-12T11:33:30 IST" name="Log4J Test" finished-at="2022-12-12T11:33:56 IST" duration-ms="26117">
      <class name="nopCommLog4J.NopComm">
        <test-method is-config="true" signature="launchApp(java.lang.String)[pri:0, instance:nopCommLog4J.NopComm@59fd97a8]" started-at="2022-12-12T11:33:30 IST" name="launchApp" finished-at="2022-12-12T11:33:37 IST" duration-ms="6814" status="PASS">
          <params>
            <param index="0">
              <value>
                <![CDATA[chrome]]>
              </value>
            </param>
          </params>
          <reporter-output>
          </reporter-output>
        </test-method> <!-- launchApp -->
        <test-method signature="verifyLogin()[pri:0, instance:nopCommLog4J.NopComm@59fd97a8]" started-at="2022-12-12T11:33:37 IST" name="verifyLogin" finished-at="2022-12-12T11:33:51 IST" duration-ms="14128" status="PASS">
          <reporter-output>
          </reporter-output>
        </test-method> <!-- verifyLogin -->
        <test-method is-config="true" signature="closeApp()[pri:0, instance:nopCommLog4J.NopComm@59fd97a8]" started-at="2022-12-12T11:33:51 IST" name="closeApp" finished-at="2022-12-12T11:33:56 IST" duration-ms="5133" status="PASS">
          <reporter-output>
          </reporter-output>
        </test-method> <!-- closeApp -->
      </class> <!-- nopCommLog4J.NopComm -->
    </test> <!-- Log4J Test -->
  </suite> <!-- Suite -->
</testng-results>
